Usage: flask run [OPTIONS]
Try 'flask run --help' for help.

Error: Could not locate a Flask application. Use the 'flask --app' option, 'FLASK_APP' environment variable, or a 'wsgi.py' or 'app.py' file in the current directory.
Usage: flask run [OPTIONS]
Try 'flask run --help' for help.

Error: Could not locate a Flask application. Use the 'flask --app' option, 'FLASK_APP' environment variable, or a 'wsgi.py' or 'app.py' file in the current directory.
Starting Weather Alert Monitor Server...
Server will be available at: http://localhost:8000
API endpoints:
  GET  /api/locations - Get all locations
  POST /api/locations - Add new location
  PUT  /api/locations/<id> - Update location
  DELETE /api/locations/<id> - Delete location
  PUT  /api/locations/bulk - Update multiple locations
  GET  /api/database - Get database info
 * Serving Flask app 'server'
 * Debug mode: on
[31m[1mWARNING: This is a development server. Do not use it in a production deployment. Use a production WSGI server instead.[0m
 * Running on all addresses (0.0.0.0)
 * Running on http://127.0.0.1:8000
 * Running on http://10.0.0.93:8000
[33mPress CTRL+C to quit[0m
 * Restarting with stat
 * Debugger is active!
 * Debugger PIN: 756-211-445
Traceback (most recent call last):
  File "/Library/Developer/CommandLineTools/Library/Frameworks/Python3.framework/Versions/3.9/lib/python3.9/runpy.py", line 197, in _run_module_as_main
    return _run_code(code, main_globals, None,
  File "/Library/Developer/CommandLineTools/Library/Frameworks/Python3.framework/Versions/3.9/lib/python3.9/runpy.py", line 87, in _run_code
    exec(code, run_globals)
  File "/Library/Developer/CommandLineTools/Library/Frameworks/Python3.framework/Versions/3.9/lib/python3.9/http/server.py", line 1297, in <module>
    test(
  File "/Library/Developer/CommandLineTools/Library/Frameworks/Python3.framework/Versions/3.9/lib/python3.9/http/server.py", line 1252, in test
    with ServerClass(addr, HandlerClass) as httpd:
  File "/Library/Developer/CommandLineTools/Library/Frameworks/Python3.framework/Versions/3.9/lib/python3.9/socketserver.py", line 452, in __init__
    self.server_bind()
  File "/Library/Developer/CommandLineTools/Library/Frameworks/Python3.framework/Versions/3.9/lib/python3.9/http/server.py", line 1295, in server_bind
    return super().server_bind()
  File "/Library/Developer/CommandLineTools/Library/Frameworks/Python3.framework/Versions/3.9/lib/python3.9/http/server.py", line 138, in server_bind
    socketserver.TCPServer.server_bind(self)
  File "/Library/Developer/CommandLineTools/Library/Frameworks/Python3.framework/Versions/3.9/lib/python3.9/socketserver.py", line 466, in server_bind
    self.socket.bind(self.server_address)
OSError: [Errno 48] Address already in use
::1 - - [14/Jul/2025 11:51:18] "GET / HTTP/1.1" 200 -
::1 - - [14/Jul/2025 11:51:18] "GET / HTTP/1.1" 200 -
::1 - - [14/Jul/2025 11:51:18] "GET /styles.css HTTP/1.1" 200 -
::1 - - [14/Jul/2025 11:51:18] "GET /script.js HTTP/1.1" 200 -
::1 - - [14/Jul/2025 11:51:18] "GET / HTTP/1.1" 200 -
::1 - - [14/Jul/2025 11:51:19] "GET /styles.css HTTP/1.1" 200 -
::1 - - [14/Jul/2025 11:51:19] "GET /script.js HTTP/1.1" 200 -
::1 - - [14/Jul/2025 11:51:19] code 404, message File not found
::1 - - [14/Jul/2025 11:51:19] "GET /favicon.ico HTTP/1.1" 404 -
::1 - - [14/Jul/2025 11:51:19] code 404, message File not found
::1 - - [14/Jul/2025 11:51:19] "GET /apple-touch-icon-precomposed.png HTTP/1.1" 404 -
::1 - - [14/Jul/2025 11:51:19] code 404, message File not found
::1 - - [14/Jul/2025 11:51:19] "GET /apple-touch-icon.png HTTP/1.1" 404 -
::1 - - [14/Jul/2025 11:54:43] "GET / HTTP/1.1" 200 -
::1 - - [14/Jul/2025 11:54:43] "GET /styles.css HTTP/1.1" 200 -
::1 - - [14/Jul/2025 11:54:43] "GET /script.js HTTP/1.1" 200 -
::1 - - [14/Jul/2025 11:54:43] code 404, message File not found
::1 - - [14/Jul/2025 11:54:43] "GET /favicon.ico HTTP/1.1" 404 -
::1 - - [14/Jul/2025 11:55:17] code 404, message File not found
::1 - - [14/Jul/2025 11:55:17] "GET /.well-known/appspecific/com.chrome.devtools.json HTTP/1.1" 404 -
::1 - - [14/Jul/2025 11:56:53] "GET / HTTP/1.1" 304 -
::1 - - [14/Jul/2025 11:56:53] "GET /script.js HTTP/1.1" 200 -
::1 - - [14/Jul/2025 11:56:53] code 404, message File not found
::1 - - [14/Jul/2025 11:56:53] "GET /.well-known/appspecific/com.chrome.devtools.json HTTP/1.1" 404 -
::1 - - [14/Jul/2025 11:57:10] "GET / HTTP/1.1" 304 -
::1 - - [14/Jul/2025 11:57:10] "GET /script.js HTTP/1.1" 304 -
::1 - - [14/Jul/2025 11:57:10] code 404, message File not found
::1 - - [14/Jul/2025 11:57:10] "GET /.well-known/appspecific/com.chrome.devtools.json HTTP/1.1" 404 -
::1 - - [14/Jul/2025 11:57:41] code 404, message File not found
::1 - - [14/Jul/2025 11:57:41] "GET /.well-known/appspecific/com.chrome.devtools.json HTTP/1.1" 404 -
::1 - - [14/Jul/2025 11:57:41] "GET /script.js HTTP/1.1" 304 -
Starting Weather Alert Monitor Server...
Server will be available at: http://localhost:8000
API endpoints:
  GET  /api/locations - Get all locations
  POST /api/locations - Add new location
  PUT  /api/locations/<id> - Update location
  DELETE /api/locations/<id> - Delete location
  PUT  /api/locations/bulk - Update multiple locations
  GET  /api/database - Get database info
 * Serving Flask app 'server'
 * Debug mode: on
Address already in use
Port 8000 is in use by another program. Either identify and stop that program, or start the server with a different port.
/Library/Developer/CommandLineTools/Library/Frameworks/Python3.framework/Versions/3.9/lib/python3.9/multiprocessing/resource_tracker.py:216: UserWarning: resource_tracker: There appear to be 1 leaked semaphore objects to clean up at shutdown
  warnings.warn('resource_tracker: There appear to be %d '
/Library/Developer/CommandLineTools/Library/Frameworks/Python3.framework/Versions/3.9/lib/python3.9/multiprocessing/resource_tracker.py:216: UserWarning: resource_tracker: There appear to be 1 leaked semaphore objects to clean up at shutdown
  warnings.warn('resource_tracker: There appear to be %d '
Starting Weather Alert Monitor Server...
Server will be available at: http://localhost:8000
API endpoints:
  GET  /api/locations - Get all locations
  POST /api/locations - Add new location
  PUT  /api/locations/<id> - Update location
  DELETE /api/locations/<id> - Delete location
  PUT  /api/locations/bulk - Update multiple locations
  GET  /api/database - Get database info
 * Serving Flask app 'server'
 * Debug mode: on
[31m[1mWARNING: This is a development server. Do not use it in a production deployment. Use a production WSGI server instead.[0m
 * Running on all addresses (0.0.0.0)
 * Running on http://127.0.0.1:8000
 * Running on http://10.0.0.93:8000
[33mPress CTRL+C to quit[0m
 * Restarting with stat
 * Debugger is active!
 * Debugger PIN: 756-211-445
::1 - - [14/Jul/2025 12:01:59] "GET / HTTP/1.1" 304 -
::1 - - [14/Jul/2025 12:01:59] code 404, message File not found
::1 - - [14/Jul/2025 12:01:59] "GET /.well-known/appspecific/com.chrome.devtools.json HTTP/1.1" 404 -
::1 - - [14/Jul/2025 12:01:59] "GET /script.js HTTP/1.1" 304 -
Starting Weather Alert Monitor Server...
Server will be available at: http://localhost:8000
API endpoints:
  GET  /api/locations - Get all locations
  POST /api/locations - Add new location
  PUT  /api/locations/<id> - Update location
  DELETE /api/locations/<id> - Delete location
  PUT  /api/locations/bulk - Update multiple locations
  GET  /api/database - Get database info
 * Serving Flask app 'server'
 * Debug mode: on
Address already in use
Port 8000 is in use by another program. Either identify and stop that program, or start the server with a different port.
/Library/Developer/CommandLineTools/Library/Frameworks/Python3.framework/Versions/3.9/lib/python3.9/multiprocessing/resource_tracker.py:216: UserWarning: resource_tracker: There appear to be 1 leaked semaphore objects to clean up at shutdown
  warnings.warn('resource_tracker: There appear to be %d '
/Library/Developer/CommandLineTools/Library/Frameworks/Python3.framework/Versions/3.9/lib/python3.9/multiprocessing/resource_tracker.py:216: UserWarning: resource_tracker: There appear to be 1 leaked semaphore objects to clean up at shutdown
  warnings.warn('resource_tracker: There appear to be %d '
Starting Weather Alert Monitor Server...
Server will be available at: http://localhost:8000
API endpoints:
  GET  /api/locations - Get all locations
  POST /api/locations - Add new location
  PUT  /api/locations/<id> - Update location
  DELETE /api/locations/<id> - Delete location
  PUT  /api/locations/bulk - Update multiple locations
  GET  /api/database - Get database info
 * Serving Flask app 'server'
 * Debug mode: on
[31m[1mWARNING: This is a development server. Do not use it in a production deployment. Use a production WSGI server instead.[0m
 * Running on all addresses (0.0.0.0)
 * Running on http://127.0.0.1:8000
 * Running on http://10.0.0.93:8000
[33mPress CTRL+C to quit[0m
 * Restarting with stat
 * Debugger is active!
 * Debugger PIN: 756-211-445
/Library/Developer/CommandLineTools/Library/Frameworks/Python3.framework/Versions/3.9/lib/python3.9/multiprocessing/resource_tracker.py:216: UserWarning: resource_tracker: There appear to be 1 leaked semaphore objects to clean up at shutdown
  warnings.warn('resource_tracker: There appear to be %d '
/Library/Developer/CommandLineTools/Library/Frameworks/Python3.framework/Versions/3.9/lib/python3.9/multiprocessing/resource_tracker.py:216: UserWarning: resource_tracker: There appear to be 1 leaked semaphore objects to clean up at shutdown
  warnings.warn('resource_tracker: There appear to be %d '
Starting Weather Alert Monitor Server...
Server will be available at: http://localhost:8000
API endpoints:
  GET  /api/locations - Get all locations
  POST /api/locations - Add new location
  PUT  /api/locations/<id> - Update location
  DELETE /api/locations/<id> - Delete location
  PUT  /api/locations/bulk - Update multiple locations
  GET  /api/database - Get database info
 * Serving Flask app 'server'
 * Debug mode: on
[31m[1mWARNING: This is a development server. Do not use it in a production deployment. Use a production WSGI server instead.[0m
 * Running on all addresses (0.0.0.0)
 * Running on http://127.0.0.1:8000
 * Running on http://10.0.0.93:8000
[33mPress CTRL+C to quit[0m
 * Restarting with stat
 * Debugger is active!
 * Debugger PIN: 756-211-445
/Library/Developer/CommandLineTools/Library/Frameworks/Python3.framework/Versions/3.9/lib/python3.9/multiprocessing/resource_tracker.py:216: UserWarning: resource_tracker: There appear to be 1 leaked semaphore objects to clean up at shutdown
  warnings.warn('resource_tracker: There appear to be %d '
/Library/Developer/CommandLineTools/Library/Frameworks/Python3.framework/Versions/3.9/lib/python3.9/multiprocessing/resource_tracker.py:216: UserWarning: resource_tracker: There appear to be 1 leaked semaphore objects to clean up at shutdown
  warnings.warn('resource_tracker: There appear to be %d '
Starting Weather Alert Monitor Server...
Server will be available at: http://localhost:8000
API endpoints:
  GET  /api/locations - Get all locations
  POST /api/locations - Add new location
  PUT  /api/locations/<id> - Update location
  DELETE /api/locations/<id> - Delete location
  PUT  /api/locations/bulk - Update multiple locations
  GET  /api/database - Get database info
 * Serving Flask app 'server'
 * Debug mode: on
[31m[1mWARNING: This is a development server. Do not use it in a production deployment. Use a production WSGI server instead.[0m
 * Running on all addresses (0.0.0.0)
 * Running on http://127.0.0.1:8000
 * Running on http://10.0.0.93:8000
[33mPress CTRL+C to quit[0m
127.0.0.1 - - [14/Jul/2025 12:04:44] "GET /api/locations HTTP/1.1" 200 -
::1 - - [14/Jul/2025 12:04:58] "GET / HTTP/1.1" 304 -
::1 - - [14/Jul/2025 12:04:58] "GET /styles.css HTTP/1.1" 304 -
::1 - - [14/Jul/2025 12:04:58] code 404, message File not found
::1 - - [14/Jul/2025 12:04:58] "GET /.well-known/appspecific/com.chrome.devtools.json HTTP/1.1" 404 -
::1 - - [14/Jul/2025 12:04:58] "GET /script.js HTTP/1.1" 304 -
127.0.0.1 - - [14/Jul/2025 12:04:58] "GET /api/locations HTTP/1.1" 200 -
127.0.0.1 - - [14/Jul/2025 12:04:59] "OPTIONS /api/locations/bulk HTTP/1.1" 200 -
127.0.0.1 - - [14/Jul/2025 12:04:59] "PUT /api/locations/bulk HTTP/1.1" 200 -
127.0.0.1 - - [14/Jul/2025 12:05:00] "PUT /api/locations/bulk HTTP/1.1" 200 -
127.0.0.1 - - [14/Jul/2025 12:05:19] "OPTIONS /api/locations/bulk HTTP/1.1" 200 -
127.0.0.1 - - [14/Jul/2025 12:05:19] "PUT /api/locations/bulk HTTP/1.1" 200 -
127.0.0.1 - - [14/Jul/2025 12:07:01] "OPTIONS /api/locations/bulk HTTP/1.1" 200 -
127.0.0.1 - - [14/Jul/2025 12:07:01] "PUT /api/locations/bulk HTTP/1.1" 200 -
127.0.0.1 - - [14/Jul/2025 12:07:19] "OPTIONS /api/locations/bulk HTTP/1.1" 200 -
127.0.0.1 - - [14/Jul/2025 12:07:19] "PUT /api/locations/bulk HTTP/1.1" 200 -
::1 - - [14/Jul/2025 12:07:58] "GET / HTTP/1.1" 304 -
::1 - - [14/Jul/2025 12:07:58] "GET /script.js HTTP/1.1" 304 -
::1 - - [14/Jul/2025 12:07:58] code 404, message File not found
::1 - - [14/Jul/2025 12:07:58] "GET /.well-known/appspecific/com.chrome.devtools.json HTTP/1.1" 404 -
127.0.0.1 - - [14/Jul/2025 12:07:58] "GET /api/locations HTTP/1.1" 200 -
127.0.0.1 - - [14/Jul/2025 12:07:59] "OPTIONS /api/locations/bulk HTTP/1.1" 200 -
127.0.0.1 - - [14/Jul/2025 12:07:59] "PUT /api/locations/bulk HTTP/1.1" 200 -
127.0.0.1 - - [14/Jul/2025 12:07:59] "PUT /api/locations/bulk HTTP/1.1" 200 -
127.0.0.1 - - [14/Jul/2025 12:09:19] "OPTIONS /api/locations/bulk HTTP/1.1" 200 -
127.0.0.1 - - [14/Jul/2025 12:09:19] "PUT /api/locations/bulk HTTP/1.1" 200 -
127.0.0.1 - - [14/Jul/2025 12:09:43] "GET /api/database HTTP/1.1" 200 -
127.0.0.1 - - [14/Jul/2025 12:09:59] "OPTIONS /api/locations/bulk HTTP/1.1" 200 -
127.0.0.1 - - [14/Jul/2025 12:09:59] "PUT /api/locations/bulk HTTP/1.1" 200 -
127.0.0.1 - - [14/Jul/2025 12:10:00] "[36mGET / HTTP/1.1[0m" 304 -
127.0.0.1 - - [14/Jul/2025 12:10:00] "[36mGET /styles.css HTTP/1.1[0m" 304 -
127.0.0.1 - - [14/Jul/2025 12:10:00] "GET /script.js HTTP/1.1" 200 -
127.0.0.1 - - [14/Jul/2025 12:10:00] "[33mGET /.well-known/appspecific/com.chrome.devtools.json HTTP/1.1[0m" 404 -
127.0.0.1 - - [14/Jul/2025 12:10:00] "GET /api/locations HTTP/1.1" 200 -
127.0.0.1 - - [14/Jul/2025 12:10:00] "PUT /api/locations/bulk HTTP/1.1" 200 -
127.0.0.1 - - [14/Jul/2025 12:10:01] "PUT /api/locations/bulk HTTP/1.1" 200 -
/Library/Developer/CommandLineTools/Library/Frameworks/Python3.framework/Versions/3.9/lib/python3.9/multiprocessing/resource_tracker.py:216: UserWarning: resource_tracker: There appear to be 1 leaked semaphore objects to clean up at shutdown
  warnings.warn('resource_tracker: There appear to be %d '
::1 - - [14/Jul/2025 12:11:51] "GET / HTTP/1.1" 304 -
::1 - - [14/Jul/2025 12:11:51] "GET /styles.css HTTP/1.1" 304 -
::1 - - [14/Jul/2025 12:11:51] "GET /script.js HTTP/1.1" 200 -
